<?xml version="1.0" encoding="UTF-8"?>
<testsuite name="baseline.Solution24Test" tests="1" skipped="0" failures="0" errors="0" timestamp="2021-09-22T23:30:49" hostname="LAPTOP-KRIU7OG0" time="0.031">
  <properties/>
  <testcase name="isAnagram3()" classname="baseline.Solution24Test" time="0.031"/>
  <system-out><![CDATA[]]></system-out>
  <system-err><![CDATA[]]></system-err>
</testsuite>
