<?xml version="1.0" encoding="UTF-8"?>
<testsuite name="baseline.Solution25Test" tests="1" skipped="0" failures="0" errors="0" timestamp="2021-09-23T02:48:25" hostname="LAPTOP-KRIU7OG0" time="0.051">
  <properties/>
  <testcase name="passwordValidator1()" classname="baseline.Solution25Test" time="0.051"/>
  <system-out><![CDATA[]]></system-out>
  <system-err><![CDATA[]]></system-err>
</testsuite>
